<?xml version="1.0" encoding="UTF-8"?>
<testsuite xmlns:xsi="http://www.w3.org/2001/XMLSchema-instance" xsi:schemaLocation="https://maven.apache.org/surefire/maven-surefire-plugin/xsd/surefire-test-report.xsd" name="org.graylog.plugins.metrics.mongodb.jadconfig.MongoClientURIConverterTest" time="0.006" tests="6" errors="0" skipped="0" failures="0">
  <properties>
[...]
</properties>
  <testcase name="convertFromInvalidConnectionString" classname="org.graylog.plugins.metrics.mongodb.jadconfig.MongoClientURIConverterTest" time="0.004"/>
  <testcase name="convertToWithNull" classname="org.graylog.plugins.metrics.mongodb.jadconfig.MongoClientURIConverterTest" time="0"/>
  <testcase name="convertFromEmptyString" classname="org.graylog.plugins.metrics.mongodb.jadconfig.MongoClientURIConverterTest" time="0.001"/>
  <testcase name="convertToWithValidMongoClientURI" classname="org.graylog.plugins.metrics.mongodb.jadconfig.MongoClientURIConverterTest" time="0"/>
  <testcase name="convertFromNull" classname="org.graylog.plugins.metrics.mongodb.jadconfig.MongoClientURIConverterTest" time="0"/>
  <testcase name="convertFromValidConnectionString" classname="org.graylog.plugins.metrics.mongodb.jadconfig.MongoClientURIConverterTest" time="0"/>
</testsuite>